<?xml version="1.0" encoding="UTF-8"?>
<!-- Generated by org.testng.reporters.JUnitXMLReporter -->
<testsuite ignored="0" hostname="FVFHXHU3Q6LR" failures="0" tests="9" name="Default test" time="192.844" errors="0" timestamp="2024-07-22T12:00:42 IST">
  <testcase classname="com.sdet.testcases.AddProductTC" name="validateAddProductCart" time="32.7"/>
  <testcase classname="com.sdet.testcases.AddProductTC" name="validateSelectProductTees" time="12.296"/>
  <testcase classname="com.sdet.testcases.AddProductTC" name="validateGoToCart" time="9.358"/>
  <testcase classname="com.sdet.testcases.AddProductTC" name="validateCartReview" time="26.114"/>
  <testcase classname="com.sdet.testcases.AddProductTC" name="validateProceedTOCheckout" time="32.121"/>
  <testcase classname="com.sdet.testcases.AddProductTC" name="validateShippingMehtod" time="3.272"/>
  <testcase classname="com.sdet.testcases.AddProductTC" name="validateAddAddress" time="2.08"/>
  <testcase classname="com.sdet.testcases.AddProductTC" name="validateApplyDiscount" time="7.186"/>
  <testcase classname="com.sdet.testcases.AddProductTC" name="validatePlaceOrder" time="18.69"/>
</testsuite> <!-- Default test -->
