<?xml version="1.0" encoding="UTF-8"?>
<testsuite xmlns:xsi="http://www.w3.org/2001/XMLSchema-instance" xsi:noNamespaceSchemaLocation="https://maven.apache.org/surefire/maven-surefire-plugin/xsd/surefire-test-report-3.0.xsd" version="3.0" name="TestSuite" time="106.265" tests="12" errors="0" skipped="0" failures="0">
  <properties>
[...]
</properties>
  <testcase name="signInTC[shubhamtange999@gmail.com, Shubham@123](1)" classname="com.sdet.testcases.SigninTC" time="6.204">
    <system-out><![CDATA[rowCount: 1
cellCount: 2
shubhamtange999@gmail.com
Shubham@123
Screenshot for SigninHomePage
]]></system-out>
    <system-err><![CDATA[SLF4J(W): No SLF4J providers were found.
SLF4J(W): Defaulting to no-operation (NOP) logger implementation
SLF4J(W): See https://www.slf4j.org/codes.html#noProviders for further details.
Aug 11, 2024 1:38:01 PM org.openqa.selenium.devtools.CdpVersionFinder findNearestMatch
WARNING: Unable to find CDP implementation matching 127
Aug 11, 2024 1:38:01 PM org.openqa.selenium.chromium.ChromiumDriver lambda$new$5
WARNING: Unable to find version of CDP to use for 127.0.6533.100. You may need to include a dependency on a specific version of the CDP using something similar to `org.seleniumhq.selenium:selenium-devtools-v86:4.18.1` where the version ("v86") matches the version of the chromium-based browser you're using and the version number of the artifact is the same as Selenium's.
ERROR StatusLogger Log4j2 could not find a logging implementation. Please add log4j-core to the classpath. Using SimpleLogger to log to the console...
]]></system-err>
  </testcase>
  <testcase name="validateAddProductCart" classname="com.sdet.testcases.AddProductTC" time="12.148">
    <system-out><![CDATA[Clicked material
Clicked Cotton material
Clicked Pattern
Clicked Solidpattern
Clicked Climate
Clicked warmClimate
]]></system-out>
  </testcase>
  <testcase name="validateSelectProductTees" classname="com.sdet.testcases.AddProductTC" time="3.826"/>
  <testcase name="validateGoToCart" classname="com.sdet.testcases.AddProductTC" time="8.381">
    <system-out><![CDATA[Clicked on showCartIcon
]]></system-out>
  </testcase>
  <testcase name="validateCartReview" classname="com.sdet.testcases.AddProductTC" time="4.533">
    <system-out><![CDATA[Wide mouth opening makes it easy to clean!
]]></system-out>
  </testcase>
  <testcase name="validateProceedTOCheckout" classname="com.sdet.testcases.AddProductTC" time="11.957">
    <system-out><![CDATA[Clicked on showCartIcon
]]></system-out>
  </testcase>
  <testcase name="validateShippingMehtod" classname="com.sdet.testcases.AddProductTC" time="1.737">
    <system-out><![CDATA[flatRate
]]></system-out>
  </testcase>
  <testcase name="validateAddAddress" classname="com.sdet.testcases.AddProductTC" time="2.038">
    <system-out><![CDATA[listAddress size1
list: [[[ChromeDriver: chrome on windows (7389fc6d9794ad2c4c90785f31860f08)] -> xpath: //button/span[text()="New Address"]]]
]]></system-out>
  </testcase>
  <testcase name="validateApplyDiscount" classname="com.sdet.testcases.AddProductTC" time="5.502"/>
  <testcase name="validatePlaceOrder" classname="com.sdet.testcases.AddProductTC" time="11.831">
    <system-out><![CDATA[Screenshot for order placed successfully
]]></system-out>
  </testcase>
  <testcase name="validateGoToMyAccount" classname="com.sdet.testcases.MyOrderTC" time="2.283"/>
  <testcase name="validateViewOrder" classname="com.sdet.testcases.MyOrderTC" time="27.557">
    <system-out><![CDATA[Order # 000013832
]]></system-out>
  </testcase>
</testsuite>