<?xml version="1.0" encoding="UTF-8"?>
<testng-results ignored="0" total="1" passed="1" failed="0" skipped="0">
  <reporter-output>
  </reporter-output>
  <suite started-at="2024-03-20T21:53:38 IST" name="Default suite" finished-at="2024-03-20T21:56:01 IST" duration-ms="143227">
    <groups>
    </groups>
    <test started-at="2024-03-20T21:53:38 IST" name="Default test" finished-at="2024-03-20T21:56:01 IST" duration-ms="143227">
      <class name="com.sdet.testcases.SigninTC">
        <test-method is-config="true" signature="beforeClass()[pri:0, instance:com.sdet.testcases.SigninTC@248e319b]" started-at="2024-03-20T21:53:38 IST" name="beforeClass" finished-at="2024-03-20T21:55:38 IST" duration-ms="120270" status="PASS">
          <reporter-output>
          </reporter-output>
        </test-method> <!-- beforeClass -->
        <test-method signature="signInTC()[pri:0, instance:com.sdet.testcases.SigninTC@248e319b]" started-at="2024-03-20T21:55:38 IST" name="signInTC" finished-at="2024-03-20T21:56:01 IST" duration-ms="22835" status="PASS">
          <reporter-output>
          </reporter-output>
        </test-method> <!-- signInTC -->
      </class> <!-- com.sdet.testcases.SigninTC -->
    </test> <!-- Default test -->
  </suite> <!-- Default suite -->
</testng-results>
